2023-01-18 09:31:15 INFO     Welcome to PhiSpy.py version 4.2.21
2023-01-18 09:31:15 INFO     Starting PhiSpy.py with the following arguments
Namespace(infile='data/processed/annotation/bakta_out/DSM25199.gbff', output_dir='data/processed/annotation/phispy_out/', make_training_data=None, training_set='data/trainSet_genericAll.txt', list=False, file_prefix='', evaluate=False, number=5, min_contig_size=5000, window_size=30, nonprophage_genegaps=10, phage_genes=1, metrics=['orf_length_med', 'shannon_slope', 'at_skew', 'gc_skew', 'max_direction'], randomforest_trees=500, expand_slope=False, kmers_type='all', phmms=None, include_annotations=True, ignore_annotations=False, color=False, threads=20, output_choice=3, include_all_repeats=False, keep_dropped_predictions=False, extra_dna=2000, min_repeat_len=10, log='data/processed/annotation/phispy_out/phispy.log', quiet=False, keep=False, logger=<Logger PhiSpy (Level 5)>)
2023-01-18 09:31:16 INFO     Processing 18 contigs
2023-01-18 09:31:16 INFO     Making Testing Set...
2023-01-18 09:31:20 INFO     Start Classification Algorithm...
2023-01-18 09:31:20 INFO     Using training set in data/trainSet_genericAll.txt
2023-01-18 09:31:20 INFO     Using the following metric(s): {'shannon_slope', 'at_skew', 'gc_skew', 'orf_length_med', 'max_direction'}.
2023-01-18 09:31:20 INFO     Running the random forest classifier with 500 trees and 20 threads
2023-01-18 09:31:30 INFO     Rank threshold calculated as 0.23592282335682924
2023-01-18 09:31:30 INFO     As the training flag is zero, down-weighting unknown functions
2023-01-18 09:31:30 INFO     Evaluating...
2023-01-18 09:31:30 INFO     Checking prophages we might have found
2023-01-18 09:31:30 INFO     Potential prophages (sorted highest to lowest)
2023-01-18 09:31:30 INFO     Contig	Start	Stop	Number of potential genes	Status
2023-01-18 09:31:30 INFO     contig_11	2357	18116	5	Dropped. No genes were identified as phage genes
2023-01-18 09:31:30 INFO     contig_12	36533	47106	3	Dropped. Region too small (Not enough genes)
2023-01-18 09:31:30 INFO     contig_7	86950	89373	2	Dropped. Region too small (Not enough genes)
2023-01-18 09:31:30 INFO     contig_3	41805	43153	2	Dropped. Region too small (Not enough genes)
2023-01-18 09:31:30 INFO     contig_1	312679	315121	2	Dropped. Region too small (Not enough genes)
2023-01-18 09:31:30 INFO     contig_1	236682	238380	2	Dropped. Region too small (Not enough genes)
2023-01-18 09:31:30 INFO     contig_8	105804	106517	1	Dropped. Region too small (Not enough genes)
2023-01-18 09:31:30 INFO     contig_4	226552	227778	1	Dropped. Region too small (Not enough genes)
2023-01-18 09:31:30 INFO     contig_4	149964	151010	1	Dropped. Region too small (Not enough genes)
2023-01-18 09:31:30 INFO     contig_3	19321	20004	1	Dropped. Region too small (Not enough genes)
2023-01-18 09:31:30 INFO     contig_2	503222	504322	1	Dropped. Region too small (Not enough genes)
2023-01-18 09:31:30 INFO     contig_2	172064	172747	1	Dropped. Region too small (Not enough genes)
2023-01-18 09:31:30 INFO     contig_2	123072	124046	1	Dropped. Region too small (Not enough genes)
2023-01-18 09:31:30 INFO     contig_13	46895	47284	1	Dropped. Region too small (Not enough genes)
2023-01-18 09:31:30 INFO     contig_12	61141	61824	1	Dropped. Region too small (Not enough genes)
2023-01-18 09:31:30 INFO     Creating output files
2023-01-18 09:31:30 INFO     Writing GenBank output file
2023-01-18 09:31:30 INFO     Writing prophage_coordinates output file
2023-01-18 09:31:30 INFO     Done!!! Output is in data/processed/annotation/phispy_out/ and the log is in data/processed/annotation/phispy_out/phispy.log
