[2023-01-11 14:29:40,655] multiqc                                            [DEBUG  ]  This is MultiQC v1.13 (cc662c6)
[2023-01-11 14:29:40,655] multiqc                                            [DEBUG  ]  Command used: /data/san/data0/users/chris/Nezam-Abadi_DSM21599_genome_MRA_2023/.snakemake/conda/77e2e3c4d7260cc15d95260e9aa27ad2_/bin/multiqc --outdir data/processed/read_qcs/multiqc_out/ data/processed/
[2023-01-11 14:29:40,925] multiqc                                            [WARNING]  MultiQC Version v1.14 now available!
[2023-01-11 14:29:40,926] multiqc                                            [DEBUG  ]  Working dir : /data/san/data0/users/chris/Nezam-Abadi_DSM21599_genome_MRA_2023
[2023-01-11 14:29:40,926] multiqc                                            [DEBUG  ]  Template    : default
[2023-01-11 14:29:40,926] multiqc                                            [DEBUG  ]  Running Python 3.11.0 | packaged by conda-forge | (main, Oct 25 2022, 06:24:40) [GCC 10.4.0]
[2023-01-11 14:29:40,926] multiqc                                            [DEBUG  ]  Analysing modules: custom_content, ccs, ngsderive, purple, conpair, lima, peddy, somalier, methylQA, mosdepth, phantompeakqualtools, qualimap, preseq, quast, qorts, rna_seqc, rockhopper, rsem, rseqc, busco, bustools, goleft_indexcov, gffcompare, disambiguate, supernova, deeptools, sargasso, verifybamid, mirtrace, happy, mirtop, sambamba, homer, hops, macs2, theta2, snpeff, gatk, htseq, bcftools, featureCounts, fgbio, dragen, dedup, pbmarkdup, damageprofiler, biobambam2, jcvi, mtnucratio, picard, vep, sentieon, prokka, qc3C, nanostat, samblaster, samtools, sexdeterrmine, eigenstratdatabasetools, bamtools, jellyfish, vcftools, longranger, stacks, varscan2, snippy, bbmap, bismark, biscuit, hicexplorer, hicup, hicpro, salmon, kallisto, slamdunk, star, hisat2, tophat, bowtie2, bowtie1, snpsplit, odgi, pangolin, kat, leehom, adapterRemoval, clipandmerge, cutadapt, flexbar, kaiju, kraken, malt, trimmomatic, sickle, skewer, sortmerna, biobloomtools, fastq_screen, afterqc, fastp, fastqc, pychopper, pycoqc, minionqc, multivcfanalyzer, clusterflow, checkqc, bcl2fastq, bclconvert, interop, ivar, flash, seqyclean, optitype, whatshap
[2023-01-11 14:29:40,926] multiqc                                            [DEBUG  ]  Using temporary directory for creating report: /tmp/tmpbkwfgyk8
[2023-01-11 14:29:41,602] multiqc                                            [INFO   ]  Search path : /data/san/data0/users/chris/Nezam-Abadi_DSM21599_genome_MRA_2023/data/processed
[2023-01-11 14:29:42,478] multiqc                                            [DEBUG  ]  Summary of files that were skipped by the search: [skipped_module_specific_max_filesize: 156] // [skipped_no_match: 107] // [skipped_ignore_pattern: 4]
[2023-01-11 14:29:44,449] multiqc.plots.bargraph                             [DEBUG  ]  Using matplotlib version 3.6.2
[2023-01-11 14:29:44,450] multiqc.plots.linegraph                            [DEBUG  ]  Using matplotlib version 3.6.2
[2023-01-11 14:29:44,451] multiqc                                            [DEBUG  ]  No samples found: custom_content
[2023-01-11 14:29:44,470] multiqc.modules.fastp.fastp                        [DEBUG  ]  No duplication rate plot data: gen_25199_trimmed_fastp.json
[2023-01-11 14:29:44,470] multiqc.modules.fastp.fastp                        [INFO   ]  Found 1 reports
[2023-01-11 14:29:44,740] multiqc.modules.fastqc.fastqc                      [DEBUG  ]  Duplicate sample name found! Overwriting: gen_25199_1
[2023-01-11 14:29:44,912] multiqc.modules.fastqc.fastqc                      [DEBUG  ]  Duplicate sample name found! Overwriting: gen_25199_2
[2023-01-11 14:29:45,413] multiqc.modules.fastqc.fastqc                      [DEBUG  ]  Skipping 'gen_25199_2_fastqc.zip' as already parsed 'gen_25199_2'
[2023-01-11 14:29:45,414] multiqc.modules.fastqc.fastqc                      [DEBUG  ]  Skipping 'gen_25199_1_fastqc.zip' as already parsed 'gen_25199_1'
[2023-01-11 14:29:45,423] multiqc.modules.fastqc.fastqc                      [DEBUG  ]  Duplicate sample name found! Overwriting: gen_25199_2
[2023-01-11 14:29:45,601] multiqc.modules.fastqc.fastqc                      [DEBUG  ]  Duplicate sample name found! Overwriting: gen_25199_1
[2023-01-11 14:29:45,772] multiqc.modules.fastqc.fastqc                      [DEBUG  ]  Skipping 'gen_25199_1_final_fastqc.zip' as already parsed 'gen_25199_1_final'
[2023-01-11 14:29:45,772] multiqc.modules.fastqc.fastqc                      [DEBUG  ]  Skipping 'gen_25199_2_final_fastqc.zip' as already parsed 'gen_25199_2_final'
[2023-01-11 14:29:45,772] multiqc.modules.fastqc.fastqc                      [INFO   ]  Found 4 reports
[2023-01-11 14:29:45,843] multiqc                                            [INFO   ]  Compressing plot data
[2023-01-11 14:29:45,913] multiqc                                            [INFO   ]  Report      : data/processed/read_qcs/multiqc_out/multiqc_report.html
[2023-01-11 14:29:45,913] multiqc                                            [INFO   ]  Data        : data/processed/read_qcs/multiqc_out/multiqc_data
[2023-01-11 14:29:45,913] multiqc                                            [DEBUG  ]  Moving data file from '/tmp/tmpbkwfgyk8/multiqc_data' to 'data/processed/read_qcs/multiqc_out/multiqc_data'
[2023-01-11 14:29:46,115] multiqc                                            [INFO   ]  MultiQC complete
